Arguments: 
  C:\Program Files (x86)\nodejs\node.exe C:\Users\박화준~!\AppData\Roaming\npm\node_modules\yarn\bin\yarn.js add @tensowflow/tfjs-node

PATH: 
  C:\Program Files\Python39\Scripts\;C:\Program Files\Python39\;C:\Program Files (x86)\NetSarang\Xshell 6\;C:\Program Files (x86)\NAT Service;C:\Windows\system32;C:\Windows;C:\Windows\System32\Wbem;C:\Windows\System32\WindowsPowerShell\v1.0\;C:\Windows\System32\OpenSSH\;C:\Program Files\dotnet\;C:\Program Files\Microsoft SQL Server\130\Tools\Binn\;C:\Program Files\Microsoft SQL Server\Client SDK\ODBC\170\Tools\Binn\;C:\Users\박화준~!\.dnx\bin;C:\Program Files\Microsoft DNX\Dnvm\;C:\Program Files\Microsoft SQL Server\120\Tools\Binn\;C:\Program Files\Git\cmd;C:\Program Files (x86)\nodejs\;C:\Program Files\PuTTY\;C:\Users\박화준~!\AppData\Local\Microsoft\WindowsApps;C:\Program Files\JetBrains\WebStorm 2020.1.1\bin;C:\Users\박화준~!\AppData\Roaming\npm;C:\Users\박화준~!\AppData\Local\atom\bin;C:\Anaconda\Scripts;;C:\Users\박화준~!\AppData\Local\Programs\Microsoft VS Code\bin

Yarn version: 
  1.22.10

Node version: 
  12.18.4

Platform: 
  win32 x64

Trace: 
  Error: https://registry.yarnpkg.com/@tensowflow%2ftfjs-node: Not found
      at Request.params.callback [as _callback] (C:\Users\박화준~!\AppData\Roaming\npm\node_modules\yarn\lib\cli.js:66988:18)
      at Request.self.callback (C:\Users\박화준~!\AppData\Roaming\npm\node_modules\yarn\lib\cli.js:140662:22)
      at Request.emit (events.js:315:20)
      at Request.<anonymous> (C:\Users\박화준~!\AppData\Roaming\npm\node_modules\yarn\lib\cli.js:141634:10)
      at Request.emit (events.js:315:20)
      at IncomingMessage.<anonymous> (C:\Users\박화준~!\AppData\Roaming\npm\node_modules\yarn\lib\cli.js:141556:12)
      at Object.onceWrapper (events.js:421:28)
      at IncomingMessage.emit (events.js:327:22)
      at endReadableNT (_stream_readable.js:1220:12)
      at processTicksAndRejections (internal/process/task_queues.js:84:21)

npm manifest: 
  {
    "name": "api-server-node",
    "version": "1.0.0",
    "description": "Node.js API Server",
    "main": "index.js",
    "scripts": {
      "test": "echo \"Error: no test specified\" && exit 1",
      "dev": "nodemon index.js",
      "prod": "NODE_ENV=production node index.js"
    },
    "repository": {
      "type": "git",
      "url": "git@gitlab.com:softsquared/template/api-server-node.git"
    },
    "author": "",
    "license": "ISC",
    "dependencies": {
      "compression": "^1.7.4",
      "cors": "^2.8.5",
      "crypto": "^1.0.1",
      "express": "^4.17.1",
      "express-session": "^1.17.1",
      "jsonwebtoken": "^8.5.1",
      "method-override": "^3.0.0",
      "multer": "^1.4.2",
      "mysql2": "^2.0.0",
      "regex-email": "^1.0.2",
      "winston": "^3.2.1",
      "winston-daily-rotate-file": "^4.2.1"
    },
    "devDependencies": {
      "cross-env": "^7.0.3"
    }
  }

yarn manifest: 
  No manifest

Lockfile: 
  No lockfile
